e:\projects\synth\builds\visualstudio2015\x64\debug\shared code\include_juce_audio_formats.obj
e:\projects\synth\builds\visualstudio2015\x64\debug\shared code\include_juce_core.obj
e:\projects\synth\builds\visualstudio2015\x64\debug\shared code\include_juce_gui_basics.obj
e:\projects\synth\builds\visualstudio2015\x64\debug\shared code\include_juce_audio_basics.obj
e:\projects\synth\builds\visualstudio2015\x64\debug\shared code\include_juce_audio_processors.obj
e:\projects\synth\builds\visualstudio2015\x64\debug\shared code\include_juce_graphics.obj
e:\projects\synth\builds\visualstudio2015\x64\debug\shared code\include_juce_video.obj
e:\projects\synth\builds\visualstudio2015\x64\debug\shared code\include_juce_audio_devices.obj
e:\projects\synth\builds\visualstudio2015\x64\debug\shared code\include_juce_audio_utils.obj
e:\projects\synth\builds\visualstudio2015\x64\debug\shared code\include_juce_gui_extra.obj
e:\projects\synth\builds\visualstudio2015\x64\debug\shared code\plugineditor.obj
e:\projects\synth\builds\visualstudio2015\x64\debug\shared code\include_juce_audio_plugin_client_utils.obj
e:\projects\synth\builds\visualstudio2015\x64\debug\shared code\include_juce_cryptography.obj
e:\projects\synth\builds\visualstudio2015\x64\debug\shared code\include_juce_data_structures.obj
e:\projects\synth\builds\visualstudio2015\x64\debug\shared code\include_juce_events.obj
e:\projects\synth\builds\visualstudio2015\x64\debug\shared code\include_juce_opengl.obj
e:\projects\synth\builds\visualstudio2015\x64\debug\shared code\pluginprocessor.obj
e:\projects\synth\builds\visualstudio2015\x64\debug\shared code\synth_sharedcode.pdb
e:\projects\synth\builds\visualstudio2015\x64\debug\shared code\lfo.obj
e:\projects\synth\builds\visualstudio2015\x64\debug\shared code\wavetables.obj
e:\projects\synth\builds\visualstudio2015\x64\debug\shared code\synth.lib
e:\projects\synth\builds\visualstudio2015\x64\debug\shared code\resources.res
e:\projects\synth\builds\visualstudio2015\x64\debug\shared code\synth_sharedcode.tlog\cl.command.1.tlog
e:\projects\synth\builds\visualstudio2015\x64\debug\shared code\synth_sharedcode.tlog\cl.read.1.tlog
e:\projects\synth\builds\visualstudio2015\x64\debug\shared code\synth_sharedcode.tlog\cl.write.1.tlog
e:\projects\synth\builds\visualstudio2015\x64\debug\shared code\synth_sharedcode.tlog\lib-link-cvtres.read.1.tlog
e:\projects\synth\builds\visualstudio2015\x64\debug\shared code\synth_sharedcode.tlog\lib-link-cvtres.write.1.tlog
e:\projects\synth\builds\visualstudio2015\x64\debug\shared code\synth_sharedcode.tlog\lib.command.1.tlog
e:\projects\synth\builds\visualstudio2015\x64\debug\shared code\synth_sharedcode.tlog\rc.command.1.tlog
e:\projects\synth\builds\visualstudio2015\x64\debug\shared code\synth_sharedcode.tlog\rc.read.1.tlog
e:\projects\synth\builds\visualstudio2015\x64\debug\shared code\synth_sharedcode.tlog\rc.write.1.tlog
